[debug] [2026-01-21T09:44:27.968Z] ----------------------------------------------------------------------
[debug] [2026-01-21T09:44:27.974Z] Command:       C:\Program Files\nodejs\node.exe C:\Users\INNOV8 HUB\AppData\Roaming\npm\node_modules\firebase-tools\lib\bin\firebase.js init hosting
[debug] [2026-01-21T09:44:27.974Z] CLI Version:   15.3.1
[debug] [2026-01-21T09:44:27.974Z] Platform:      win32
[debug] [2026-01-21T09:44:27.974Z] Node Version:  v22.20.0
[debug] [2026-01-21T09:44:27.975Z] Time:          Wed Jan 21 2026 10:44:27 GMT+0100 (West Africa Standard Time)
[debug] [2026-01-21T09:44:27.975Z] ----------------------------------------------------------------------
[debug] 
[info] 
     ######## #### ########  ######## ########     ###     ######  ########
     ##        ##  ##     ## ##       ##     ##  ##   ##  ##       ##
     ######    ##  ########  ######   ########  #########  ######  ######
     ##        ##  ##    ##  ##       ##     ## ##     ##       ## ##
     ##       #### ##     ## ######## ########  ##     ##  ######  ########

You're about to initialize a Firebase project in this directory:

  C:\Users\INNOV8 HUB\savor-naija-app

[info] 
=== Project Setup
[info] 
[info] First, let's associate this project directory with a Firebase project.
[info] You can create multiple project aliases by running firebase use --add, 
[info] 
[debug] [2026-01-21T09:44:58.612Z] > command requires scopes: ["email","openid","https://www.googleapis.com/auth/cloudplatformprojects.readonly","https://www.googleapis.com/auth/firebase","https://www.googleapis.com/auth/cloud-platform"]
[debug] [2026-01-21T09:44:58.613Z] > authorizing via signed-in user (rosabethballa20@gmail.com)
[debug] [2026-01-21T09:44:58.614Z] Checked if tokens are valid: true, expires at: 1768991302394
[debug] [2026-01-21T09:44:58.614Z] Checked if tokens are valid: true, expires at: 1768991302394
[debug] [2026-01-21T09:44:58.615Z] >>> [apiv2][query] GET https://firebase.googleapis.com/v1beta1/projects pageSize=100
[debug] [2026-01-21T09:45:04.633Z] <<< [apiv2][status] GET https://firebase.googleapis.com/v1beta1/projects 200
[debug] [2026-01-21T09:45:04.633Z] <<< [apiv2][body] GET https://firebase.googleapis.com/v1beta1/projects [omitted]
[info] 
=== Hosting Setup
[debug] [2026-01-21T09:45:09.972Z] Checked if tokens are valid: true, expires at: 1768991302394
[debug] [2026-01-21T09:45:09.972Z] Checked if tokens are valid: true, expires at: 1768991302394
[debug] [2026-01-21T09:45:09.972Z] >>> [apiv2][query] GET https://firebase.googleapis.com/v1beta1/projects/savor-naija [none]
[debug] [2026-01-21T09:45:10.850Z] <<< [apiv2][status] GET https://firebase.googleapis.com/v1beta1/projects/savor-naija 200
[debug] [2026-01-21T09:45:10.850Z] <<< [apiv2][body] GET https://firebase.googleapis.com/v1beta1/projects/savor-naija {"projectId":"savor-naija","projectNumber":"364658940089","displayName":"Savor-Naija","name":"projects/savor-naija","resources":{"hostingSite":"savor-naija"},"state":"ACTIVE","etag":"1_af8f3c81-7b1c-4a15-aec6-34bd9b2c9fcf"}
[info] 
[info] Your public directory is the folder (relative to your project directory) that
[info] will contain Hosting assets to be uploaded with firebase deploy. If you
[info] have a build process for your assets, use your build's output directory.
[info] 
[debug] [2026-01-21T10:11:41.446Z] ----------------------------------------------------------------------
[debug] [2026-01-21T10:11:41.449Z] Command:       C:\Program Files\nodejs\node.exe C:\Users\INNOV8 HUB\AppData\Roaming\npm\node_modules\firebase-tools\lib\bin\firebase.js init hosting
[debug] [2026-01-21T10:11:41.449Z] CLI Version:   15.3.1
[debug] [2026-01-21T10:11:41.449Z] Platform:      win32
[debug] [2026-01-21T10:11:41.449Z] Node Version:  v22.20.0
[debug] [2026-01-21T10:11:41.450Z] Time:          Wed Jan 21 2026 11:11:41 GMT+0100 (West Africa Standard Time)
[debug] [2026-01-21T10:11:41.450Z] ----------------------------------------------------------------------
[debug] 
[info] 
     ######## #### ########  ######## ########     ###     ######  ########
     ##        ##  ##     ## ##       ##     ##  ##   ##  ##       ##
     ######    ##  ########  ######   ########  #########  ######  ######
     ##        ##  ##    ##  ##       ##     ## ##     ##       ## ##
     ##       #### ##     ## ######## ########  ##     ##  ######  ########

You're about to initialize a Firebase project in this directory:

  C:\Users\INNOV8 HUB\savor-naija-app

[info] 
=== Project Setup
[info] 
[info] First, let's associate this project directory with a Firebase project.
[info] You can create multiple project aliases by running firebase use --add, 
[info] 
[debug] [2026-01-21T10:11:48.405Z] > command requires scopes: ["email","openid","https://www.googleapis.com/auth/cloudplatformprojects.readonly","https://www.googleapis.com/auth/firebase","https://www.googleapis.com/auth/cloud-platform"]
[debug] [2026-01-21T10:11:48.405Z] > authorizing via signed-in user (rosabethballa20@gmail.com)
[debug] [2026-01-21T10:11:48.406Z] Checked if tokens are valid: true, expires at: 1768991302394
[debug] [2026-01-21T10:11:48.406Z] Checked if tokens are valid: true, expires at: 1768991302394
[debug] [2026-01-21T10:11:48.408Z] >>> [apiv2][query] GET https://firebase.googleapis.com/v1beta1/projects/savor-naija [none]
[debug] [2026-01-21T10:12:10.515Z] *** [apiv2] error from fetch(https://firebase.googleapis.com/v1beta1/projects/savor-naija, {"headers":{},"method":"GET","signal":{"reason":""}}): FetchError: request to https://firebase.googleapis.com/v1beta1/projects/savor-naija failed, reason: read ECONNRESET
[debug] [2026-01-21T10:12:10.516Z] Failed to make request to https://firebase.googleapis.com/v1beta1/projects/savor-naija (original: request to https://firebase.googleapis.com/v1beta1/projects/savor-naija failed, reason: read ECONNRESET)
[debug] [2026-01-21T10:12:10.531Z] FirebaseError: Failed to make request to https://firebase.googleapis.com/v1beta1/projects/savor-naija
    at RetryOperation._fn (C:\Users\INNOV8 HUB\AppData\Roaming\npm\node_modules\firebase-tools\lib\apiv2.js:269:31)
    at process.processTicksAndRejections (node:internal/process/task_queues:105:5)
[error] 
[error] Error: Failed to get Firebase project savor-naija. Please make sure the project exists and your account has permission to access it.
